[x] Opening connection to everland.pwni.ng on port 7772
[x] Opening connection to everland.pwni.ng on port 7772: Trying 35.221.53.183
[+] Opening connection to everland.pwni.ng on port 7772: Done
Welcome, mighty hero, to the abyss of [38;5;33mEverland[0m. Pray tell, what is your name? 

Well, [38;5;42mchris[0m. It is valiant of you to venture here, but [38;5;33mEverland[0m is a place of darkness and despair.

Few adventurers have dared descend these halls, and fewer have returned alive.

Good luck, and godspeed.





chris ([38;5;42m100st[0m) [[38;5;42m|[0m[38;5;42m|[0m[38;5;42m|[0m[38;5;42m|[0m[38;5;42m|[0m[38;5;42m|[0m[38;5;42m|[0m[38;5;42m|[0m[38;5;42m|[0m[38;5;42m|[0m] -- Elektrikal ([38;5;160m50st[0m): [38;5;160m80hp[0m



Are you ready for your next fight? You can:

  - [38;5;42mfight

[0m  - [38;5;42mforage

[0m  - [38;5;42muse

[0m  > Collected [38;5;33mGross Weed[0m!



chris ([38;5;42m100st[0m) [[38;5;42m|[0m[38;5;42m|[0m[38;5;42m|[0m[38;5;42m|[0m[38;5;42m|[0m[38;5;42m|[0m[38;5;42m|[0m[38;5;42m|[0m[38;5;42m|[0m[38;5;42m|[0m] -- Elektrikal ([38;5;160m50st[0m): [38;5;160m80hp[0m



Are you ready for your next fight? You can:

  - [38;5;42mfight

[0m  - [38;5;42mforage

[0m  - [38;5;42muse

[0m  > Collected [38;5;33mRisky Dust[0m!



chris ([38;5;42m100st[0m) [[38;5;42m|[0m[38;5;42m|[0m[38;5;42m|[0m[38;5;42m|[0m[38;5;42m|[0m[38;5;42m|[0m[38;5;42m|[0m[38;5;42m|[0m[38;5;42m|[0m[38;5;42m|[0m] -- Elektrikal ([38;5;160m50st[0m): [38;5;160m80hp[0m



Are you ready for your next fight? You can:

  - [38;5;42mfight

[0m  - [38;5;42mforage

[0m  - [38;5;42muse

[0m  > Collected [38;5;33mRandom Vines[0m!



chris ([38;5;42m100st[0m) [[38;5;42m|[0m[38;5;42m|[0m[38;5;42m|[0m[38;5;42m|[0m[38;5;42m|[0m[38;5;42m|[0m[38;5;42m|[0m[38;5;42m|[0m[38;5;42m|[0m[38;5;42m|[0m] -- Elektrikal ([38;5;160m50st[0m): [38;5;160m80hp[0m



Are you ready for your next fight? You can:

  - [38;5;42mfight

[0m  - [38;5;42mforage

[0m  - [38;5;42muse

[0m  > Collected [38;5;33mSacrificial Net[0m!



chris ([38;5;42m100st[0m) [[38;5;42m|[0m[38;5;42m|[0m[38;5;42m|[0m[38;5;42m|[0m[38;5;42m|[0m[38;5;42m|[0m[38;5;42m|[0m[38;5;42m|[0m[38;5;42m|[0m[38;5;42m|[0m] -- Elektrikal ([38;5;160m50st[0m): [38;5;160m80hp[0m



Are you ready for your next fight? You can:

  - [38;5;42mfight

[0m  - [38;5;42mforage

[0m  - [38;5;42muse

[0m  > Collected [38;5;33mLucky Elixir[0m!



chris ([38;5;42m100st[0m) [[38;5;42m|[0m[38;5;42m|[0m[38;5;42m|[0m[38;5;42m|[0m[38;5;42m|[0m[38;5;42m|[0m[38;5;42m|[0m[38;5;42m|[0m[38;5;42m|[0m[38;5;42m|[0m] -- Elektrikal ([38;5;160m50st[0m): [38;5;160m80hp[0m



Are you ready for your next fight? You can:

  - [38;5;42mfight

[0m  - [38;5;42mforage

[0m  - [38;5;42muse

[0m  > You look around, but find nothing!



chris ([38;5;42m100st[0m) [[38;5;42m|[0m[38;5;42m|[0m[38;5;42m|[0m[38;5;42m|[0m[38;5;42m|[0m[38;5;42m|[0m[38;5;42m|[0m[38;5;42m|[0m[38;5;42m|[0m[38;5;42m|[0m] -- Elektrikal ([38;5;160m50st[0m): [38;5;160m80hp[0m



Are you ready for your next fight? You can:

  - [38;5;42mfight

[0m  - [38;5;42mforage

[0m  - [38;5;42muse

[0m  > You look around, but find nothing!



chris ([38;5;42m100st[0m) [[38;5;42m|[0m[38;5;42m|[0m[38;5;42m|[0m[38;5;42m|[0m[38;5;42m|[0m[38;5;42m|[0m[38;5;42m|[0m[38;5;42m|[0m[38;5;42m|[0m[38;5;42m|[0m] -- Elektrikal ([38;5;160m50st[0m): [38;5;160m80hp[0m



Are you ready for your next fight? You can:

  - [38;5;42mfight

[0m  - [38;5;42mforage

[0m  - [38;5;42muse

[0m  > You look around, but find nothing!



chris ([38;5;42m100st[0m) [[38;5;42m|[0m[38;5;42m|[0m[38;5;42m|[0m[38;5;42m|[0m[38;5;42m|[0m[38;5;42m|[0m[38;5;42m|[0m[38;5;42m|[0m[38;5;42m|[0m[38;5;42m|[0m] -- Elektrikal ([38;5;160m50st[0m): [38;5;160m80hp[0m



Are you ready for your next fight? You can:

  - [38;5;42mfight

[0m  - [38;5;42mforage

[0m  - [38;5;42muse

[0m  > You look around, but find nothing!



chris ([38;5;42m100st[0m) [[38;5;42m|[0m[38;5;42m|[0m[38;5;42m|[0m[38;5;42m|[0m[38;5;42m|[0m[38;5;42m|[0m[38;5;42m|[0m[38;5;42m|[0m[38;5;42m|[0m[38;5;42m|[0m] -- Elektrikal ([38;5;160m50st[0m): [38;5;160m80hp[0m



Are you ready for your next fight? You can:

  - [38;5;42mfight

[0m  - [38;5;42mforage

[0m  - [38;5;42muse

[0m  > You look around, but find nothing!



chris ([38;5;42m100st[0m) [[38;5;42m|[0m[38;5;42m|[0m[38;5;42m|[0m[38;5;42m|[0m[38;5;42m|[0m[38;5;42m|[0m[38;5;42m|[0m[38;5;42m|[0m[38;5;42m|[0m[38;5;42m|[0m] -- Elektrikal ([38;5;160m50st[0m): [38;5;160m80hp[0m



Are you ready for your next fight? You can:

  - [38;5;42mfight

[0m  - [38;5;42mforage

[0m  - [38;5;42muse

[0m  > Available Items:

  - (0) [38;5;33mLucky Elixir[0m

  - (1) [38;5;33mSacrificial Net[0m

  - (2) [38;5;33mRandom Vines[0m

  - (3) [38;5;33mRisky Dust[0m

  - (4) [38;5;33mGross Weed[0m

  - (5) [38;5;33mMax Health Potion[0m

  - (6) [38;5;33mSharpened Dagger[0m



> Using: [38;5;33mLucky Elixir[0m



chris ([38;5;42m100st[0m) [[38;5;42m|[0m[38;5;42m|[0m[38;5;42m|[0m[38;5;42m|[0m[38;5;42m|[0m[38;5;42m|[0m[38;5;42m|[0m[38;5;42m|[0m[38;5;42m|[0m[38;5;42m|[0m] -- Elektrikal ([38;5;160m50st[0m): [38;5;160m80hp[0m



Are you ready for your next fight? You can:

  - [38;5;42mfight

[0m  - [38;5;42mforage

[0m  - [38;5;42muse

[0m  > Available Items:

  - (0) [38;5;33mSacrificial Net[0m

  - (1) [38;5;33mRandom Vines[0m

  - (2) [38;5;33mRisky Dust[0m

  - (3) [38;5;33mGross Weed[0m

  - (4) [38;5;33mMax Health Potion[0m

  - (5) [38;5;33mSharpened Dagger[0m



> Using: [38;5;33mSacrificial Net[0m



chris ([38;5;42m100st[0m) [[38;5;42m|[0m[38;5;42m|[0m[38;5;42m|[0m[38;5;42m|[0m[38;5;42m|[0m[38;5;42m|[0m[38;5;42m|[0m[38;5;42m|[0m[38;5;42m|[0m[38;5;42m|[0m] -- Elektrikal ([38;5;160m50st[0m): [38;5;160m80hp[0m



Are you ready for your next fight? You can:

  - [38;5;42mfight

[0m  - [38;5;42mforage

[0m  - [38;5;42muse

[0m  > Available Items:

  - (0) [38;5;33mRandom Vines[0m

  - (1) [38;5;33mRisky Dust[0m

  - (2) [38;5;33mGross Weed[0m

  - (3) [38;5;33mMax Health Potion[0m

  - (4) [38;5;33mSharpened Dagger[0m



> Using: [38;5;33mRandom Vines[0m



chris ([38;5;42m100st[0m) [[38;5;42m|[0m[38;5;42m|[0m[38;5;42m|[0m[38;5;42m|[0m[38;5;42m|[0m[38;5;42m|[0m[38;5;42m|[0m[38;5;42m|[0m[38;5;42m|[0m[38;5;42m|[0m] -- Elektrikal ([38;5;160m50st[0m): [38;5;160m80hp[0m



Are you ready for your next fight? You can:

  - [38;5;42mfight

[0m  - [38;5;42mforage

[0m  - [38;5;42muse

[0m  > Available Items:

  - (0) [38;5;33mRisky Dust[0m

  - (1) [38;5;33mGross Weed[0m

  - (2) [38;5;33mMax Health Potion[0m

  - (3) [38;5;33mSharpened Dagger[0m



> Using: [38;5;33mRisky Dust[0m



chris ([38;5;42m100st[0m) [[38;5;42m|[0m[38;5;42m|[0m[38;5;42m|[0m[38;5;42m|[0m[38;5;42m|[0m[38;5;42m|[0m[38;5;42m|[0m[38;5;42m|[0m[38;5;42m|[0m[38;5;42m|[0m] -- Elektrikal ([38;5;160m50st[0m): [38;5;160m80hp[0m



Are you ready for your next fight? You can:

  - [38;5;42mfight

[0m  - [38;5;42mforage

[0m  - [38;5;42muse

[0m  > Elektrikal used Spear Lunge!



chris ([38;5;42m100st[0m) [[38;5;42m|[0m[38;5;42m|[0m[38;5;42m|[0m[38;5;42m|[0m[38;5;42m|[0m[38;5;42m|[0m    ] -- Elektrikal ([38;5;160m50st[0m): [38;5;160m70hp[0m



Available Moves:

  - (0) [38;5;160mSword Strike[0m

  - (1) [38;5;160mFull Empower[0m

  - (2) [38;5;160mRecouperate[0m

  - (3) [38;5;160mSkip Turn[0m

  - (4) [38;5;160mCapture[0m

  - (5) [38;5;160mVine Wrap[0m



> Using: [38;5;160mRecouperate[0m



chris ([38;5;42m80st[0m) [[38;5;42m|[0m[38;5;42m|[0m[38;5;42m|[0m[38;5;42m|[0m[38;5;42m|[0m[38;5;42m|[0m[38;5;42m|[0m   ] -- Elektrikal ([38;5;160m50st[0m): [38;5;160m70hp[0m



Are you ready for your next fight? You can:

  - [38;5;42mfight

[0m  - [38;5;42mforage

[0m  - [38;5;42muse

[0m  > Elektrikal used Spear Lunge!



chris ([38;5;42m80st[0m) [[38;5;42m|[0m[38;5;42m|[0m[38;5;42m|[0m[38;5;42m|[0m      ] -- Elektrikal ([38;5;160m50st[0m): [38;5;160m60hp[0m



Available Moves:

  - (0) [38;5;160mSword Strike[0m

  - (1) [38;5;160mFull Empower[0m

  - (2) [38;5;160mRecouperate[0m

  - (3) [38;5;160mSkip Turn[0m

  - (4) [38;5;160mCapture[0m

  - (5) [38;5;160mVine Wrap[0m



> Using: [38;5;160mRecouperate[0m



chris ([38;5;42m60st[0m) [[38;5;42m|[0m[38;5;42m|[0m[38;5;42m|[0m[38;5;42m|[0m[38;5;42m|[0m     ] -- Elektrikal ([38;5;160m50st[0m): [38;5;160m60hp[0m



Are you ready for your next fight? You can:

  - [38;5;42mfight

[0m  - [38;5;42mforage

[0m  - [38;5;42muse

[0m  > Elektrikal used Spear Lunge!



chris ([38;5;42m60st[0m) [[38;5;42m|[0m[38;5;42m|[0m[38;5;42m|[0m       ] -- Elektrikal ([38;5;160m50st[0m): [38;5;160m50hp[0m



Available Moves:

  - (0) [38;5;160mSword Strike[0m

  - (1) [38;5;160mFull Empower[0m

  - (2) [38;5;160mRecouperate[0m

  - (3) [38;5;160mSkip Turn[0m

  - (4) [38;5;160mCapture[0m

  - (5) [38;5;160mVine Wrap[0m



> Using: [38;5;160mRecouperate[0m



chris ([38;5;42m40st[0m) [[38;5;42m|[0m[38;5;42m|[0m[38;5;42m|[0m[38;5;42m|[0m      ] -- Elektrikal ([38;5;160m50st[0m): [38;5;160m50hp[0m



Are you ready for your next fight? You can:

  - [38;5;42mfight

[0m  - [38;5;42mforage

[0m  - [38;5;42muse

[0m  > Elektrikal used Sword Strike!



chris ([38;5;42m40st[0m) [[38;5;42m|[0m[38;5;42m|[0m[38;5;42m|[0m       ] -- Elektrikal ([38;5;160m50st[0m): [38;5;160m50hp[0m



Available Moves:

  - (0) [38;5;160mSword Strike[0m

  - (1) [38;5;160mFull Empower[0m

  - (2) [38;5;160mRecouperate[0m

  - (3) [38;5;160mSkip Turn[0m

  - (4) [38;5;160mCapture[0m

  - (5) [38;5;160mVine Wrap[0m



> Using: [38;5;160mRecouperate[0m



chris ([38;5;42m20st[0m) [[38;5;42m|[0m[38;5;42m|[0m[38;5;42m|[0m       ] -- Elektrikal ([38;5;160m50st[0m): [38;5;160m50hp[0m



Are you ready for your next fight? You can:

  - [38;5;42mfight

[0m  - [38;5;42mforage

[0m  - [38;5;42muse

[0m  > Elektrikal used Sword Strike!



chris ([38;5;42m20st[0m) [[38;5;42m|[0m[38;5;42m|[0m[38;5;42m|[0m       ] -- Elektrikal ([38;5;160m50st[0m): [38;5;160m50hp[0m



Available Moves:

  - (0) [38;5;160mSword Strike[0m

  - (1) [38;5;160mFull Empower[0m

  - (2) [38;5;160mRecouperate[0m

  - (3) [38;5;160mSkip Turn[0m

  - (4) [38;5;160mCapture[0m

  - (5) [38;5;160mVine Wrap[0m



> Using: [38;5;160mRecouperate[0m



chris ([38;5;42m0st[0m) [[38;5;42m|[0m[38;5;42m|[0m[38;5;42m|[0m       ] -- Elektrikal ([38;5;160m50st[0m): [38;5;160m50hp[0m



Are you ready for your next fight? You can:

  - [38;5;42mfight

[0m  - [38;5;42mforage

[0m  - [38;5;42muse

[0m  > Elektrikal used Spear Lunge!



chris ([38;5;42m0st[0m) [[38;5;42m|[0m[38;5;42m|[0m        ] -- Elektrikal ([38;5;160m50st[0m): [38;5;160m40hp[0m



Available Moves:

  - (0) [38;5;160mSword Strike[0m

  - (1) [38;5;160mFull Empower[0m

  - (2) [38;5;160mRecouperate[0m

  - (3) [38;5;160mSkip Turn[0m

  - (4) [38;5;160mCapture[0m

  - (5) [38;5;160mVine Wrap[0m



> Using: [38;5;160mRecouperate[0m



chris ([38;5;42m0st[0m) [[38;5;42m|[0m[38;5;42m|[0m        ] -- Elektrikal ([38;5;160m50st[0m): [38;5;160m40hp[0m



Are you ready for your next fight? You can:

  - [38;5;42mfight

[0m  - [38;5;42mforage

[0m  - [38;5;42muse

[0m  > Elektrikal used Spear Lunge!

[*] Switching to interactive mode

chris ([38;5;42m0st[0m) [[38;5;42m|[0m         ] -- Elektrikal ([38;5;160m50st[0m): [38;5;160m30hp[0m

Available Moves:
  - (0) [38;5;160mSword Strike[0m
  - (1) [38;5;160mFull Empower[0m
  - (2) [38;5;160mRecouperate[0m
  - (3) [38;5;160mSkip Turn[0m
  - (4) [38;5;160mCapture[0m
  - (5) [38;5;160mVine Wrap[0m

> Using: [38;5;160mRecouperate[0m

chris ([38;5;42m0st[0m) [[38;5;42m|[0m[38;5;42m|[0m        ] -- Elektrikal ([38;5;160m50st[0m): [38;5;160m30hp[0m

Are you ready for your next fight? You can:
  - [38;5;42mfight
[0m  - [38;5;42mforage
[0m  - [38;5;42muse
[0m  > Elektrikal used Spear Lunge!

chris ([38;5;42m0st[0m) [[38;5;42m|[0m         ] -- Elektrikal ([38;5;160m50st[0m): [38;5;160m20hp[0m

Available Moves:
  - (0) [38;5;160mSword Strike[0m
  - (1) [38;5;160mFull Empower[0m
  - (2) [38;5;160mRecouperate[0m
  - (3) [38;5;160mSkip Turn[0m
  - (4) [38;5;160mCapture[0m
  - (5) [38;5;160mVine Wrap[0m

> Using: [38;5;160mRecouperate[0m

chris ([38;5;42m0st[0m) [[38;5;42m|[0m[38;5;42m|[0m        ] -- Elektrikal ([38;5;160m50st[0m): [38;5;160m20hp[0m

Are you ready for your next fight? You can:
  - [38;5;42mfight
[0m  - [38;5;42mforage
[0m  - [38;5;42muse
[0m  > Elektrikal used Spear Lunge!

chris ([38;5;42m0st[0m) [[38;5;42m|[0m         ] -- Elektrikal ([38;5;160m50st[0m): [38;5;160m10hp[0m

Available Moves:
  - (0) [38;5;160mSword Strike[0m
  - (1) [38;5;160mFull Empower[0m
  - (2) [38;5;160mRecouperate[0m
  - (3) [38;5;160mSkip Turn[0m
  - (4) [38;5;160mCapture[0m
  - (5) [38;5;160mVine Wrap[0m

> Using: [38;5;160mRecouperate[0m

chris ([38;5;42m0st[0m) [[38;5;42m|[0m         ] -- Elektrikal ([38;5;160m50st[0m): [38;5;160m10hp[0m

Are you ready for your next fight? You can:
  - [38;5;42mfight
[0m  - [38;5;42mforage
[0m  - [38;5;42muse
[0m  > Elektrikal used Spear Lunge!

chris ([38;5;42m0st[0m) [[38;5;42m|[0m         ] -- Elektrikal ([38;5;160m50st[0m): [38;5;160m0hp[0m

Available Moves:
  - (0) [38;5;160mSword Strike[0m
  - (1) [38;5;160mFull Empower[0m
  - (2) [38;5;160mRecouperate[0m
  - (3) [38;5;160mSkip Turn[0m
  - (4) [38;5;160mCapture[0m
  - (5) [38;5;160mVine Wrap[0m

> Using: [38;5;160mRecouperate[0m
You Killed [38;5;202mElektrikal[0m!

chris ([38;5;42m0st[0m) [[38;5;42m|[0m         ] -- Spatula ([38;5;160m50st[0m): [38;5;160m80hp[0m

Are you ready for your next fight? You can:
  - [38;5;42mfight
[0m  - [38;5;42mforage
[0m  - [38;5;42muse
[0m  > Spatula used Spear Lunge!

chris ([38;5;42m0st[0m) [[38;5;42m|[0m         ] -- Spatula ([38;5;160m50st[0m): [38;5;160m70hp[0m

Available Moves:
  - (0) [38;5;160mSword Strike[0m
  - (1) [38;5;160mFull Empower[0m
  - (2) [38;5;160mRecouperate[0m
  - (3) [38;5;160mSkip Turn[0m
  - (4) [38;5;160mCapture[0m
  - (5) [38;5;160mVine Wrap[0m

> Using: [38;5;160mRecouperate[0m

chris ([38;5;42m0st[0m) [[38;5;42m|[0m         ] -- Spatula ([38;5;160m50st[0m): [38;5;160m70hp[0m

Are you ready for your next fight? You can:
  - [38;5;42mfight
[0m  - [38;5;42mforage
[0m  - [38;5;42muse
[0m  > Spatula used Spear Lunge!

chris ([38;5;42m0st[0m) [[38;5;42m|[0m         ] -- Spatula ([38;5;160m50st[0m): [38;5;160m60hp[0m

Available Moves:
  - (0) [38;5;160mSword Strike[0m
  - (1) [38;5;160mFull Empower[0m
  - (2) [38;5;160mRecouperate[0m
  - (3) [38;5;160mSkip Turn[0m
  - (4) [38;5;160mCapture[0m
  - (5) [38;5;160mVine Wrap[0m

> Using: [38;5;160mRecouperate[0m

chris ([38;5;42m0st[0m) [[38;5;42m|[0m         ] -- Spatula ([38;5;160m50st[0m): [38;5;160m60hp[0m

Are you ready for your next fight? You can:
  - [38;5;42mfight
[0m  - [38;5;42mforage
[0m  - [38;5;42muse
[0m  > Spatula used Spear Lunge!

chris ([38;5;42m0st[0m) [[38;5;42m|[0m         ] -- Spatula ([38;5;160m50st[0m): [38;5;160m50hp[0m

Available Moves:
  - (0) [38;5;160mSword Strike[0m
  - (1) [38;5;160mFull Empower[0m
  - (2) [38;5;160mRecouperate[0m
  - (3) [38;5;160mSkip Turn[0m
  - (4) [38;5;160mCapture[0m
  - (5) [38;5;160mVine Wrap[0m

> Using: [38;5;160mRecouperate[0m

chris ([38;5;42m0st[0m) [[38;5;42m|[0m         ] -- Spatula ([38;5;160m50st[0m): [38;5;160m50hp[0m

Are you ready for your next fight? You can:
  - [38;5;42mfight
[0m  - [38;5;42mforage
[0m  - [38;5;42muse
[0m  > Spatula used Spear Lunge!

chris ([38;5;42m0st[0m) [[38;5;42m|[0m         ] -- Spatula ([38;5;160m50st[0m): [38;5;160m40hp[0m

Available Moves:
  - (0) [38;5;160mSword Strike[0m
  - (1) [38;5;160mFull Empower[0m
  - (2) [38;5;160mRecouperate[0m
  - (3) [38;5;160mSkip Turn[0m
  - (4) [38;5;160mCapture[0m
  - (5) [38;5;160mVine Wrap[0m

> Using: [38;5;160mRecouperate[0m

chris ([38;5;42m0st[0m) [[38;5;42m|[0m         ] -- Spatula ([38;5;160m50st[0m): [38;5;160m40hp[0m

Are you ready for your next fight? You can:
  - [38;5;42mfight
[0m  - [38;5;42mforage
[0m  - [38;5;42muse
[0m  > Spatula used Spear Lunge!

chris ([38;5;42m0st[0m) [[38;5;42m|[0m         ] -- Spatula ([38;5;160m50st[0m): [38;5;160m30hp[0m

Available Moves:
  - (0) [38;5;160mSword Strike[0m
  - (1) [38;5;160mFull Empower[0m
  - (2) [38;5;160mRecouperate[0m
  - (3) [38;5;160mSkip Turn[0m
  - (4) [38;5;160mCapture[0m
  - (5) [38;5;160mVine Wrap[0m

> Using: [38;5;160mRecouperate[0m

chris ([38;5;42m0st[0m) [[38;5;42m|[0m         ] -- Spatula ([38;5;160m50st[0m): [38;5;160m30hp[0m

Are you ready for your next fight? You can:
  - [38;5;42mfight
[0m  - [38;5;42mforage
[0m  - [38;5;42muse
[0m  > Spatula used Spear Lunge!

chris ([38;5;42m0st[0m) [[38;5;42m|[0m         ] -- Spatula ([38;5;160m50st[0m): [38;5;160m20hp[0m

Available Moves:
  - (0) [38;5;160mSword Strike[0m
  - (1) [38;5;160mFull Empower[0m
  - (2) [38;5;160mRecouperate[0m
  - (3) [38;5;160mSkip Turn[0m
  - (4) [38;5;160mCapture[0m
  - (5) [38;5;160mVine Wrap[0m

> Using: [38;5;160mRecouperate[0m

chris ([38;5;42m0st[0m) [[38;5;42m|[0m         ] -- Spatula ([38;5;160m50st[0m): [38;5;160m20hp[0m

Are you ready for your next fight? You can:
  - [38;5;42mfight
[0m  - [38;5;42mforage
[0m  - [38;5;42muse
[0m  > Spatula used Spear Lunge!

chris ([38;5;42m0st[0m) [[38;5;42m|[0m         ] -- Spatula ([38;5;160m50st[0m): [38;5;160m10hp[0m

Available Moves:
  - (0) [38;5;160mSword Strike[0m
  - (1) [38;5;160mFull Empower[0m
  - (2) [38;5;160mRecouperate[0m
  - (3) [38;5;160mSkip Turn[0m
  - (4) [38;5;160mCapture[0m
  - (5) [38;5;160mVine Wrap[0m

> Using: [38;5;160mRecouperate[0m

chris ([38;5;42m0st[0m) [[38;5;42m|[0m         ] -- Spatula ([38;5;160m50st[0m): [38;5;160m10hp[0m

Are you ready for your next fight? You can:
  - [38;5;42mfight
[0m  - [38;5;42mforage
[0m  - [38;5;42muse
[0m  > Spatula used Spear Lunge!

chris ([38;5;42m0st[0m) [[38;5;42m|[0m         ] -- Spatula ([38;5;160m50st[0m): [38;5;160m0hp[0m

Available Moves:
  - (0) [38;5;160mSword Strike[0m
  - (1) [38;5;160mFull Empower[0m
  - (2) [38;5;160mRecouperate[0m
  - (3) [38;5;160mSkip Turn[0m
  - (4) [38;5;160mCapture[0m
  - (5) [38;5;160mVine Wrap[0m

> Using: [38;5;160mRecouperate[0m
You Killed [38;5;202mSpatula[0m!

chris ([38;5;42m0st[0m) [[38;5;42m|[0m         ] -- Count Dorkula ([38;5;160m50st[0m): [38;5;160m80hp[0m

Are you ready for your next fight? You can:
  - [38;5;42mfight
[0m  - [38;5;42mforage
[0m  - [38;5;42muse
[0m  > Count Dorkula used Spear Lunge!

chris ([38;5;42m0st[0m) [[38;5;42m|[0m         ] -- Count Dorkula ([38;5;160m50st[0m): [38;5;160m70hp[0m

Available Moves:
  - (0) [38;5;160mSword Strike[0m
  - (1) [38;5;160mFull Empower[0m
  - (2) [38;5;160mRecouperate[0m
  - (3) [38;5;160mSkip Turn[0m
  - (4) [38;5;160mCapture[0m
  - (5) [38;5;160mVine Wrap[0m

> Using: [38;5;160mRecouperate[0m

chris ([38;5;42m0st[0m) [[38;5;42m|[0m         ] -- Count Dorkula ([38;5;160m50st[0m): [38;5;160m70hp[0m

Are you ready for your next fight? You can:
  - [38;5;42mfight
[0m  - [38;5;42mforage
[0m  - [38;5;42muse
[0m  > Count Dorkula used Spear Lunge!

chris ([38;5;42m0st[0m) [[38;5;42m|[0m         ] -- Count Dorkula ([38;5;160m50st[0m): [38;5;160m60hp[0m

Available Moves:
  - (0) [38;5;160mSword Strike[0m
  - (1) [38;5;160mFull Empower[0m
  - (2) [38;5;160mRecouperate[0m
  - (3) [38;5;160mSkip Turn[0m
  - (4) [38;5;160mCapture[0m
  - (5) [38;5;160mVine Wrap[0m

> Using: [38;5;160mRecouperate[0m

chris ([38;5;42m0st[0m) [[38;5;42m|[0m         ] -- Count Dorkula ([38;5;160m50st[0m): [38;5;160m60hp[0m

Are you ready for your next fight? You can:
  - [38;5;42mfight
[0m  - [38;5;42mforage
[0m  - [38;5;42muse
[0m  > Count Dorkula used Spear Lunge!

chris ([38;5;42m0st[0m) [[38;5;42m|[0m         ] -- Count Dorkula ([38;5;160m50st[0m): [38;5;160m50hp[0m

Available Moves:
  - (0) [38;5;160mSword Strike[0m
  - (1) [38;5;160mFull Empower[0m
  - (2) [38;5;160mRecouperate[0m
  - (3) [38;5;160mSkip Turn[0m
  - (4) [38;5;160mCapture[0m
  - (5) [38;5;160mVine Wrap[0m

> Using: [38;5;160mRecouperate[0m

chris ([38;5;42m0st[0m) [[38;5;42m|[0m         ] -- Count Dorkula ([38;5;160m50st[0m): [38;5;160m50hp[0m

Are you ready for your next fight? You can:
  - [38;5;42mfight
[0m  - [38;5;42mforage
[0m  - [38;5;42muse
[0m  > Count Dorkula used Spear Lunge!

chris ([38;5;42m0st[0m) [[38;5;42m|[0m         ] -- Count Dorkula ([38;5;160m50st[0m): [38;5;160m40hp[0m

Available Moves:
  - (0) [38;5;160mSword Strike[0m
  - (1) [38;5;160mFull Empower[0m
  - (2) [38;5;160mRecouperate[0m
  - (3) [38;5;160mSkip Turn[0m
  - (4) [38;5;160mCapture[0m
  - (5) [38;5;160mVine Wrap[0m

> Using: [38;5;160mRecouperate[0m

chris ([38;5;42m0st[0m) [[38;5;42m|[0m         ] -- Count Dorkula ([38;5;160m50st[0m): [38;5;160m40hp[0m

Are you ready for your next fight? You can:
  - [38;5;42mfight
[0m  - [38;5;42mforage
[0m  - [38;5;42muse
[0m  > Count Dorkula used Spear Lunge!

chris ([38;5;42m0st[0m) [[38;5;42m|[0m         ] -- Count Dorkula ([38;5;160m50st[0m): [38;5;160m30hp[0m

Available Moves:
  - (0) [38;5;160mSword Strike[0m
  - (1) [38;5;160mFull Empower[0m
  - (2) [38;5;160mRecouperate[0m
  - (3) [38;5;160mSkip Turn[0m
  - (4) [38;5;160mCapture[0m
  - (5) [38;5;160mVine Wrap[0m

> Using: [38;5;160mRecouperate[0m

chris ([38;5;42m0st[0m) [[38;5;42m|[0m         ] -- Count Dorkula ([38;5;160m50st[0m): [38;5;160m30hp[0m

Are you ready for your next fight? You can:
  - [38;5;42mfight
[0m  - [38;5;42mforage
[0m  - [38;5;42muse
[0m  > Count Dorkula used Spear Lunge!

chris ([38;5;42m0st[0m) [[38;5;42m|[0m         ] -- Count Dorkula ([38;5;160m50st[0m): [38;5;160m20hp[0m

Available Moves:
  - (0) [38;5;160mSword Strike[0m
  - (1) [38;5;160mFull Empower[0m
  - (2) [38;5;160mRecouperate[0m
  - (3) [38;5;160mSkip Turn[0m
  - (4) [38;5;160mCapture[0m
  - (5) [38;5;160mVine Wrap[0m

> Using: [38;5;160mRecouperate[0m

chris ([38;5;42m0st[0m) [[38;5;42m|[0m         ] -- Count Dorkula ([38;5;160m50st[0m): [38;5;160m20hp[0m

Are you ready for your next fight? You can:
  - [38;5;42mfight
[0m  - [38;5;42mforage
[0m  - [38;5;42muse
[0m  > Count Dorkula used Spear Lunge!

chris ([38;5;42m0st[0m) [[38;5;42m|[0m         ] -- Count Dorkula ([38;5;160m50st[0m): [38;5;160m10hp[0m

Available Moves:
  - (0) [38;5;160mSword Strike[0m
  - (1) [38;5;160mFull Empower[0m
  - (2) [38;5;160mRecouperate[0m
  - (3) [38;5;160mSkip Turn[0m
  - (4) [38;5;160mCapture[0m
  - (5) [38;5;160mVine Wrap[0m

> Using: [38;5;160mRecouperate[0m

chris ([38;5;42m0st[0m) [[38;5;42m|[0m         ] -- Count Dorkula ([38;5;160m50st[0m): [38;5;160m10hp[0m

Are you ready for your next fight? You can:
  - [38;5;42mfight
[0m  - [38;5;42mforage
[0m  - [38;5;42muse
[0m  > Count Dorkula used Spear Lunge!

chris ([38;5;42m0st[0m) [[38;5;42m|[0m         ] -- Count Dorkula ([38;5;160m50st[0m): [38;5;160m0hp[0m

Available Moves:
  - (0) [38;5;160mSword Strike[0m
  - (1) [38;5;160mFull Empower[0m
  - (2) [38;5;160mRecouperate[0m
  - (3) [38;5;160mSkip Turn[0m
  - (4) [38;5;160mCapture[0m
  - (5) [38;5;160mVine Wrap[0m

> Using: [38;5;160mRecouperate[0m
You Killed [38;5;202mCount Dorkula[0m!

chris ([38;5;42m0st[0m) [[38;5;42m|[0m         ] -- Skedankedanker ([38;5;160m50st[0m): [38;5;160m80hp[0m

Are you ready for your next fight? You can:
  - [38;5;42mfight
[0m  - [38;5;42mforage
[0m  - [38;5;42muse
[0m  > Skedankedanker used Spear Lunge!

chris ([38;5;42m0st[0m) [[38;5;42m|[0m         ] -- Skedankedanker ([38;5;160m50st[0m): [38;5;160m70hp[0m

Available Moves:
  - (0) [38;5;160mSword Strike[0m
  - (1) [38;5;160mFull Empower[0m
  - (2) [38;5;160mRecouperate[0m
  - (3) [38;5;160mSkip Turn[0m
  - (4) [38;5;160mCapture[0m
  - (5) [38;5;160mVine Wrap[0m

> Using: [38;5;160mRecouperate[0m

chris ([38;5;42m0st[0m) [[38;5;42m|[0m         ] -- Skedankedanker ([38;5;160m50st[0m): [38;5;160m70hp[0m

Are you ready for your next fight? You can:
  - [38;5;42mfight
[0m  - [38;5;42mforage
[0m  - [38;5;42muse
[0m  > Skedankedanker used Spear Lunge!

chris ([38;5;42m0st[0m) [[38;5;42m|[0m         ] -- Skedankedanker ([38;5;160m50st[0m): [38;5;160m60hp[0m

Available Moves:
  - (0) [38;5;160mSword Strike[0m
  - (1) [38;5;160mFull Empower[0m
  - (2) [38;5;160mRecouperate[0m
  - (3) [38;5;160mSkip Turn[0m
  - (4) [38;5;160mCapture[0m
  - (5) [38;5;160mVine Wrap[0m

> Using: [38;5;160mRecouperate[0m

chris ([38;5;42m0st[0m) [[38;5;42m|[0m         ] -- Skedankedanker ([38;5;160m50st[0m): [38;5;160m60hp[0m

Are you ready for your next fight? You can:
  - [38;5;42mfight
[0m  - [38;5;42mforage
[0m  - [38;5;42muse
[0m  > Skedankedanker used Spear Lunge!

chris ([38;5;42m0st[0m) [[38;5;42m|[0m         ] -- Skedankedanker ([38;5;160m50st[0m): [38;5;160m50hp[0m

Available Moves:
  - (0) [38;5;160mSword Strike[0m
  - (1) [38;5;160mFull Empower[0m
  - (2) [38;5;160mRecouperate[0m
  - (3) [38;5;160mSkip Turn[0m
  - (4) [38;5;160mCapture[0m
  - (5) [38;5;160mVine Wrap[0m

> Using: [38;5;160mRecouperate[0m

chris ([38;5;42m0st[0m) [[38;5;42m|[0m         ] -- Skedankedanker ([38;5;160m50st[0m): [38;5;160m50hp[0m

Are you ready for your next fight? You can:
  - [38;5;42mfight
[0m  - [38;5;42mforage
[0m  - [38;5;42muse
[0m  > Skedankedanker used Spear Lunge!

chris ([38;5;42m0st[0m) [[38;5;42m|[0m         ] -- Skedankedanker ([38;5;160m50st[0m): [38;5;160m40hp[0m

Available Moves:
  - (0) [38;5;160mSword Strike[0m
  - (1) [38;5;160mFull Empower[0m
  - (2) [38;5;160mRecouperate[0m
  - (3) [38;5;160mSkip Turn[0m
  - (4) [38;5;160mCapture[0m
  - (5) [38;5;160mVine Wrap[0m

> Using: [38;5;160mRecouperate[0m

chris ([38;5;42m0st[0m) [[38;5;42m|[0m         ] -- Skedankedanker ([38;5;160m50st[0m): [38;5;160m40hp[0m

Are you ready for your next fight? You can:
  - [38;5;42mfight
[0m  - [38;5;42mforage
[0m  - [38;5;42muse
[0m  > Skedankedanker used Spear Lunge!

chris ([38;5;42m0st[0m) [[38;5;42m|[0m         ] -- Skedankedanker ([38;5;160m50st[0m): [38;5;160m30hp[0m

Available Moves:
  - (0) [38;5;160mSword Strike[0m
  - (1) [38;5;160mFull Empower[0m
  - (2) [38;5;160mRecouperate[0m
  - (3) [38;5;160mSkip Turn[0m
  - (4) [38;5;160mCapture[0m
  - (5) [38;5;160mVine Wrap[0m

> Using: [38;5;160mRecouperate[0m

chris ([38;5;42m0st[0m) [[38;5;42m|[0m         ] -- Skedankedanker ([38;5;160m50st[0m): [38;5;160m30hp[0m

Are you ready for your next fight? You can:
  - [38;5;42mfight
[0m  - [38;5;42mforage
[0m  - [38;5;42muse
[0m  > Skedankedanker used Spear Lunge!

chris ([38;5;42m0st[0m) [[38;5;42m|[0m         ] -- Skedankedanker ([38;5;160m50st[0m): [38;5;160m20hp[0m

Available Moves:
  - (0) [38;5;160mSword Strike[0m
  - (1) [38;5;160mFull Empower[0m
  - (2) [38;5;160mRecouperate[0m
  - (3) [38;5;160mSkip Turn[0m
  - (4) [38;5;160mCapture[0m
  - (5) [38;5;160mVine Wrap[0m

> Using: [38;5;160mRecouperate[0m

chris ([38;5;42m0st[0m) [[38;5;42m|[0m         ] -- Skedankedanker ([38;5;160m50st[0m): [38;5;160m20hp[0m

Are you ready for your next fight? You can:
  - [38;5;42mfight
[0m  - [38;5;42mforage
[0m  - [38;5;42muse
[0m  > Skedankedanker used Spear Lunge!

chris ([38;5;42m0st[0m) [[38;5;42m|[0m         ] -- Skedankedanker ([38;5;160m50st[0m): [38;5;160m10hp[0m

Available Moves:
  - (0) [38;5;160mSword Strike[0m
  - (1) [38;5;160mFull Empower[0m
  - (2) [38;5;160mRecouperate[0m
  - (3) [38;5;160mSkip Turn[0m
  - (4) [38;5;160mCapture[0m
  - (5) [38;5;160mVine Wrap[0m

> Using: [38;5;160mRecouperate[0m

chris ([38;5;42m0st[0m) [[38;5;42m|[0m         ] -- Skedankedanker ([38;5;160m50st[0m): [38;5;160m10hp[0m

Are you ready for your next fight? You can:
  - [38;5;42mfight
[0m  - [38;5;42mforage
[0m  - [38;5;42muse
[0m  > Skedankedanker used Spear Lunge!

chris ([38;5;42m0st[0m) [[38;5;42m|[0m         ] -- Skedankedanker ([38;5;160m50st[0m): [38;5;160m0hp[0m

Available Moves:
  - (0) [38;5;160mSword Strike[0m
  - (1) [38;5;160mFull Empower[0m
  - (2) [38;5;160mRecouperate[0m
  - (3) [38;5;160mSkip Turn[0m
  - (4) [38;5;160mCapture[0m
  - (5) [38;5;160mVine Wrap[0m

> Using: [38;5;160mRecouperate[0m
You Killed [38;5;202mSkedankedanker[0m!

chris ([38;5;42m0st[0m) [[38;5;42m|[0m         ] -- Elektrikal ([38;5;160m50st[0m): [38;5;160m80hp[0m

Are you ready for your next fight? You can:
  - [38;5;42mfight
[0m  - [38;5;42mforage
[0m  - [38;5;42muse
[0m  > Elektrikal used Spear Lunge!

chris ([38;5;42m0st[0m) [[38;5;42m|[0m         ] -- Elektrikal ([38;5;160m50st[0m): [38;5;160m70hp[0m

Available Moves:
  - (0) [38;5;160mSword Strike[0m
  - (1) [38;5;160mFull Empower[0m
  - (2) [38;5;160mRecouperate[0m
  - (3) [38;5;160mSkip Turn[0m
  - (4) [38;5;160mCapture[0m
  - (5) [38;5;160mVine Wrap[0m

> Using: [38;5;160mRecouperate[0m

chris ([38;5;42m0st[0m) [[38;5;42m|[0m         ] -- Elektrikal ([38;5;160m50st[0m): [38;5;160m70hp[0m

Are you ready for your next fight? You can:
  - [38;5;42mfight
[0m  - [38;5;42mforage
[0m  - [38;5;42muse
[0m  > Elektrikal used Spear Lunge!

chris ([38;5;42m0st[0m) [[38;5;42m|[0m         ] -- Elektrikal ([38;5;160m50st[0m): [38;5;160m60hp[0m

Available Moves:
  - (0) [38;5;160mSword Strike[0m
  - (1) [38;5;160mFull Empower[0m
  - (2) [38;5;160mRecouperate[0m
  - (3) [38;5;160mSkip Turn[0m
  - (4) [38;5;160mCapture[0m
  - (5) [38;5;160mVine Wrap[0m

> Using: [38;5;160mRecouperate[0m

chris ([38;5;42m0st[0m) [[38;5;42m|[0m         ] -- Elektrikal ([38;5;160m50st[0m): [38;5;160m60hp[0m

Are you ready for your next fight? You can:
  - [38;5;42mfight
[0m  - [38;5;42mforage
[0m  - [38;5;42muse
[0m  > Elektrikal used Spear Lunge!

chris ([38;5;42m0st[0m) [[38;5;42m|[0m         ] -- Elektrikal ([38;5;160m50st[0m): [38;5;160m50hp[0m

Available Moves:
  - (0) [38;5;160mSword Strike[0m
  - (1) [38;5;160mFull Empower[0m
  - (2) [38;5;160mRecouperate[0m
  - (3) [38;5;160mSkip Turn[0m
  - (4) [38;5;160mCapture[0m
  - (5) [38;5;160mVine Wrap[0m

> Using: [38;5;160mRecouperate[0m

chris ([38;5;42m0st[0m) [[38;5;42m|[0m         ] -- Elektrikal ([38;5;160m50st[0m): [38;5;160m50hp[0m

Are you ready for your next fight? You can:
  - [38;5;42mfight
[0m  - [38;5;42mforage
[0m  - [38;5;42muse
[0m  > Elektrikal used Spear Lunge!

chris ([38;5;42m0st[0m) [[38;5;42m|[0m         ] -- Elektrikal ([38;5;160m50st[0m): [38;5;160m40hp[0m

Available Moves:
  - (0) [38;5;160mSword Strike[0m
  - (1) [38;5;160mFull Empower[0m
  - (2) [38;5;160mRecouperate[0m
  - (3) [38;5;160mSkip Turn[0m
  - (4) [38;5;160mCapture[0m
  - (5) [38;5;160mVine Wrap[0m

> Using: [38;5;160mRecouperate[0m

chris ([38;5;42m0st[0m) [[38;5;42m|[0m         ] -- Elektrikal ([38;5;160m50st[0m): [38;5;160m40hp[0m

Are you ready for your next fight? You can:
  - [38;5;42mfight
[0m  - [38;5;42mforage
[0m  - [38;5;42muse
[0m  > Elektrikal used Spear Lunge!

chris ([38;5;42m0st[0m) [[38;5;42m|[0m         ] -- Elektrikal ([38;5;160m50st[0m): [38;5;160m30hp[0m

Available Moves:
  - (0) [38;5;160mSword Strike[0m
  - (1) [38;5;160mFull Empower[0m
  - (2) [38;5;160mRecouperate[0m
  - (3) [38;5;160mSkip Turn[0m
  - (4) [38;5;160mCapture[0m
  - (5) [38;5;160mVine Wrap[0m

> Using: [38;5;160mRecouperate[0m

chris ([38;5;42m0st[0m) [[38;5;42m|[0m         ] -- Elektrikal ([38;5;160m50st[0m): [38;5;160m30hp[0m

Are you ready for your next fight? You can:
  - [38;5;42mfight
[0m  - [38;5;42mforage
[0m  - [38;5;42muse
[0m  > Elektrikal used Spear Lunge!

chris ([38;5;42m0st[0m) [[38;5;42m|[0m         ] -- Elektrikal ([38;5;160m50st[0m): [38;5;160m20hp[0m

Available Moves:
  - (0) [38;5;160mSword Strike[0m
  - (1) [38;5;160mFull Empower[0m
  - (2) [38;5;160mRecouperate[0m
  - (3) [38;5;160mSkip Turn[0m
  - (4) [38;5;160mCapture[0m
  - (5) [38;5;160mVine Wrap[0m

> Using: [38;5;160mRecouperate[0m

chris ([38;5;42m0st[0m) [[38;5;42m|[0m         ] -- Elektrikal ([38;5;160m50st[0m): [38;5;160m20hp[0m

Are you ready for your next fight? You can:
  - [38;5;42mfight
[0m  - [38;5;42mforage
[0m  - [38;5;42muse
[0m  > Elektrikal used Spear Lunge!

chris ([38;5;42m0st[0m) [[38;5;42m|[0m         ] -- Elektrikal ([38;5;160m50st[0m): [38;5;160m10hp[0m

Available Moves:
  - (0) [38;5;160mSword Strike[0m
  - (1) [38;5;160mFull Empower[0m
  - (2) [38;5;160mRecouperate[0m
  - (3) [38;5;160mSkip Turn[0m
  - (4) [38;5;160mCapture[0m
  - (5) [38;5;160mVine Wrap[0m

> Using: [38;5;160mRecouperate[0m

chris ([38;5;42m0st[0m) [[38;5;42m|[0m         ] -- Elektrikal ([38;5;160m50st[0m): [38;5;160m10hp[0m

Are you ready for your next fight? You can:
  - [38;5;42mfight
[0m  - [38;5;42mforage
[0m  - [38;5;42muse
[0m  > Elektrikal used Spear Lunge!

chris ([38;5;42m0st[0m) [[38;5;42m|[0m         ] -- Elektrikal ([38;5;160m50st[0m): [38;5;160m0hp[0m

Available Moves:
  - (0) [38;5;160mSword Strike[0m
  - (1) [38;5;160mFull Empower[0m
  - (2) [38;5;160mRecouperate[0m
  - (3) [38;5;160mSkip Turn[0m
  - (4) [38;5;160mCapture[0m
  - (5) [38;5;160mVine Wrap[0m

> Using: [38;5;160mRecouperate[0m
You Killed [38;5;202mElektrikal[0m!

chris ([38;5;42m0st[0m) [[38;5;42m|[0m         ] -- Spatula ([38;5;160m50st[0m): [38;5;160m80hp[0m

Are you ready for your next fight? You can:
  - [38;5;42mfight
[0m  - [38;5;42mforage
[0m  - [38;5;42muse
[0m  > Spatula used Spear Lunge!

chris ([38;5;42m0st[0m) [[38;5;42m|[0m         ] -- Spatula ([38;5;160m50st[0m): [38;5;160m70hp[0m

Available Moves:
  - (0) [38;5;160mSword Strike[0m
  - (1) [38;5;160mFull Empower[0m
  - (2) [38;5;160mRecouperate[0m
  - (3) [38;5;160mSkip Turn[0m
  - (4) [38;5;160mCapture[0m
  - (5) [38;5;160mVine Wrap[0m

> Using: [38;5;160mRecouperate[0m

chris ([38;5;42m0st[0m) [[38;5;42m|[0m         ] -- Spatula ([38;5;160m50st[0m): [38;5;160m70hp[0m

Are you ready for your next fight? You can:
  - [38;5;42mfight
[0m  - [38;5;42mforage
[0m  - [38;5;42muse
[0m  > Spatula used Spear Lunge!

chris ([38;5;42m0st[0m) [[38;5;42m|[0m         ] -- Spatula ([38;5;160m50st[0m): [38;5;160m60hp[0m

Available Moves:
  - (0) [38;5;160mSword Strike[0m
  - (1) [38;5;160mFull Empower[0m
  - (2) [38;5;160mRecouperate[0m
  - (3) [38;5;160mSkip Turn[0m
  - (4) [38;5;160mCapture[0m
  - (5) [38;5;160mVine Wrap[0m

> Using: [38;5;160mRecouperate[0m

chris ([38;5;42m0st[0m) [[38;5;42m|[0m         ] -- Spatula ([38;5;160m50st[0m): [38;5;160m60hp[0m

Are you ready for your next fight? You can:
  - [38;5;42mfight
[0m  - [38;5;42mforage
[0m  - [38;5;42muse
[0m  > Spatula used Spear Lunge!

chris ([38;5;42m0st[0m) [[38;5;42m|[0m         ] -- Spatula ([38;5;160m50st[0m): [38;5;160m50hp[0m

Available Moves:
  - (0) [38;5;160mSword Strike[0m
  - (1) [38;5;160mFull Empower[0m
  - (2) [38;5;160mRecouperate[0m
  - (3) [38;5;160mSkip Turn[0m
  - (4) [38;5;160mCapture[0m
  - (5) [38;5;160mVine Wrap[0m

> Using: [38;5;160mRecouperate[0m

chris ([38;5;42m0st[0m) [[38;5;42m|[0m         ] -- Spatula ([38;5;160m50st[0m): [38;5;160m50hp[0m

Are you ready for your next fight? You can:
  - [38;5;42mfight
[0m  - [38;5;42mforage
[0m  - [38;5;42muse
[0m  > Spatula used Spear Lunge!

chris ([38;5;42m0st[0m) [[38;5;42m|[0m         ] -- Spatula ([38;5;160m50st[0m): [38;5;160m40hp[0m

Available Moves:
  - (0) [38;5;160mSword Strike[0m
  - (1) [38;5;160mFull Empower[0m
  - (2) [38;5;160mRecouperate[0m
  - (3) [38;5;160mSkip Turn[0m
  - (4) [38;5;160mCapture[0m
  - (5) [38;5;160mVine Wrap[0m

> Using: [38;5;160mRecouperate[0m

chris ([38;5;42m0st[0m) [[38;5;42m|[0m         ] -- Spatula ([38;5;160m50st[0m): [38;5;160m40hp[0m

Are you ready for your next fight? You can:
  - [38;5;42mfight
[0m  - [38;5;42mforage
[0m  - [38;5;42muse
[0m  > Spatula used Spear Lunge!

chris ([38;5;42m0st[0m) [[38;5;42m|[0m         ] -- Spatula ([38;5;160m50st[0m): [38;5;160m30hp[0m

Available Moves:
  - (0) [38;5;160mSword Strike[0m
  - (1) [38;5;160mFull Empower[0m
  - (2) [38;5;160mRecouperate[0m
  - (3) [38;5;160mSkip Turn[0m
  - (4) [38;5;160mCapture[0m
  - (5) [38;5;160mVine Wrap[0m

> Using: [38;5;160mRecouperate[0m

chris ([38;5;42m0st[0m) [[38;5;42m|[0m         ] -- Spatula ([38;5;160m50st[0m): [38;5;160m30hp[0m

Are you ready for your next fight? You can:
  - [38;5;42mfight
[0m  - [38;5;42mforage
[0m  - [38;5;42muse
[0m  > Spatula used Spear Lunge!

chris ([38;5;42m0st[0m) [[38;5;42m|[0m         ] -- Spatula ([38;5;160m50st[0m): [38;5;160m20hp[0m

Available Moves:
  - (0) [38;5;160mSword Strike[0m
  - (1) [38;5;160mFull Empower[0m
  - (2) [38;5;160mRecouperate[0m
  - (3) [38;5;160mSkip Turn[0m
  - (4) [38;5;160mCapture[0m
  - (5) [38;5;160mVine Wrap[0m

> Using: [38;5;160mRecouperate[0m

chris ([38;5;42m0st[0m) [[38;5;42m|[0m         ] -- Spatula ([38;5;160m50st[0m): [38;5;160m20hp[0m

Are you ready for your next fight? You can:
  - [38;5;42mfight
[0m  - [38;5;42mforage
[0m  - [38;5;42muse
[0m  > Spatula used Spear Lunge!

chris ([38;5;42m0st[0m) [[38;5;42m|[0m         ] -- Spatula ([38;5;160m50st[0m): [38;5;160m10hp[0m

Available Moves:
  - (0) [38;5;160mSword Strike[0m
  - (1) [38;5;160mFull Empower[0m
  - (2) [38;5;160mRecouperate[0m
  - (3) [38;5;160mSkip Turn[0m
  - (4) [38;5;160mCapture[0m
  - (5) [38;5;160mVine Wrap[0m

> Using: [38;5;160mRecouperate[0m

chris ([38;5;42m0st[0m) [[38;5;42m|[0m         ] -- Spatula ([38;5;160m50st[0m): [38;5;160m10hp[0m

Are you ready for your next fight? You can:
  - [38;5;42mfight
[0m  - [38;5;42mforage
[0m  - [38;5;42muse
[0m  > Spatula used Spear Lunge!

chris ([38;5;42m0st[0m) [[38;5;42m|[0m         ] -- Spatula ([38;5;160m50st[0m): [38;5;160m0hp[0m

Available Moves:
  - (0) [38;5;160mSword Strike[0m
  - (1) [38;5;160mFull Empower[0m
  - (2) [38;5;160mRecouperate[0m
  - (3) [38;5;160mSkip Turn[0m
  - (4) [38;5;160mCapture[0m
  - (5) [38;5;160mVine Wrap[0m

> Using: [38;5;160mRecouperate[0m
You Killed [38;5;202mSpatula[0m!

chris ([38;5;42m0st[0m) [[38;5;42m|[0m         ] -- Count Dorkula ([38;5;160m50st[0m): [38;5;160m80hp[0m

Are you ready for your next fight? You can:
  - [38;5;42mfight
[0m  - [38;5;42mforage
[0m  - [38;5;42muse
[0m  > Count Dorkula used Spear Lunge!

chris ([38;5;42m0st[0m) [[38;5;42m|[0m         ] -- Count Dorkula ([38;5;160m50st[0m): [38;5;160m70hp[0m

Available Moves:
  - (0) [38;5;160mSword Strike[0m
  - (1) [38;5;160mFull Empower[0m
  - (2) [38;5;160mRecouperate[0m
  - (3) [38;5;160mSkip Turn[0m
  - (4) [38;5;160mCapture[0m
  - (5) [38;5;160mVine Wrap[0m

> Using: [38;5;160mRecouperate[0m

chris ([38;5;42m0st[0m) [[38;5;42m|[0m         ] -- Count Dorkula ([38;5;160m50st[0m): [38;5;160m70hp[0m

Are you ready for your next fight? You can:
  - [38;5;42mfight
[0m  - [38;5;42mforage
[0m  - [38;5;42muse
[0m  > Count Dorkula used Spear Lunge!

chris ([38;5;42m0st[0m) [[38;5;42m|[0m         ] -- Count Dorkula ([38;5;160m50st[0m): [38;5;160m60hp[0m

Available Moves:
  - (0) [38;5;160mSword Strike[0m
  - (1) [38;5;160mFull Empower[0m
  - (2) [38;5;160mRecouperate[0m
  - (3) [38;5;160mSkip Turn[0m
  - (4) [38;5;160mCapture[0m
  - (5) [38;5;160mVine Wrap[0m

> Using: [38;5;160mRecouperate[0m

chris ([38;5;42m0st[0m) [[38;5;42m|[0m         ] -- Count Dorkula ([38;5;160m50st[0m): [38;5;160m60hp[0m

Are you ready for your next fight? You can:
  - [38;5;42mfight
[0m  - [38;5;42mforage
[0m  - [38;5;42muse
[0m  > Count Dorkula used Spear Lunge!

chris ([38;5;42m0st[0m) [[38;5;42m|[0m         ] -- Count Dorkula ([38;5;160m50st[0m): [38;5;160m50hp[0m

Available Moves:
  - (0) [38;5;160mSword Strike[0m
  - (1) [38;5;160mFull Empower[0m
  - (2) [38;5;160mRecouperate[0m
  - (3) [38;5;160mSkip Turn[0m
  - (4) [38;5;160mCapture[0m
  - (5) [38;5;160mVine Wrap[0m

> Using: [38;5;160mRecouperate[0m

chris ([38;5;42m0st[0m) [[38;5;42m|[0m         ] -- Count Dorkula ([38;5;160m50st[0m): [38;5;160m50hp[0m

Are you ready for your next fight? You can:
  - [38;5;42mfight
[0m  - [38;5;42mforage
[0m  - [38;5;42muse
[0m  > Count Dorkula used Spear Lunge!

chris ([38;5;42m0st[0m) [[38;5;42m|[0m         ] -- Count Dorkula ([38;5;160m50st[0m): [38;5;160m40hp[0m

Available Moves:
  - (0) [38;5;160mSword Strike[0m
  - (1) [38;5;160mFull Empower[0m
  - (2) [38;5;160mRecouperate[0m
  - (3) [38;5;160mSkip Turn[0m
  - (4) [38;5;160mCapture[0m
  - (5) [38;5;160mVine Wrap[0m

> Using: [38;5;160mRecouperate[0m

chris ([38;5;42m0st[0m) [[38;5;42m|[0m         ] -- Count Dorkula ([38;5;160m50st[0m): [38;5;160m40hp[0m

Are you ready for your next fight? You can:
  - [38;5;42mfight
[0m  - [38;5;42mforage
[0m  - [38;5;42muse
[0m  > Count Dorkula used Spear Lunge!

chris ([38;5;42m0st[0m) [[38;5;42m|[0m         ] -- Count Dorkula ([38;5;160m50st[0m): [38;5;160m30hp[0m

Available Moves:
  - (0) [38;5;160mSword Strike[0m
  - (1) [38;5;160mFull Empower[0m
  - (2) [38;5;160mRecouperate[0m
  - (3) [38;5;160mSkip Turn[0m
  - (4) [38;5;160mCapture[0m
  - (5) [38;5;160mVine Wrap[0m

> Using: [38;5;160mRecouperate[0m

chris ([38;5;42m0st[0m) [[38;5;42m|[0m         ] -- Count Dorkula ([38;5;160m50st[0m): [38;5;160m30hp[0m

Are you ready for your next fight? You can:
  - [38;5;42mfight
[0m  - [38;5;42mforage
[0m  - [38;5;42muse
[0m  > Count Dorkula used Spear Lunge!

chris ([38;5;42m0st[0m) [[38;5;42m|[0m         ] -- Count Dorkula ([38;5;160m50st[0m): [38;5;160m20hp[0m

Available Moves:
  - (0) [38;5;160mSword Strike[0m
  - (1) [38;5;160mFull Empower[0m
  - (2) [38;5;160mRecouperate[0m
  - (3) [38;5;160mSkip Turn[0m
  - (4) [38;5;160mCapture[0m
  - (5) [38;5;160mVine Wrap[0m

> Using: [38;5;160mRecouperate[0m

chris ([38;5;42m0st[0m) [[38;5;42m|[0m         ] -- Count Dorkula ([38;5;160m50st[0m): [38;5;160m20hp[0m

Are you ready for your next fight? You can:
  - [38;5;42mfight
[0m  - [38;5;42mforage
[0m  - [38;5;42muse
[0m  > Count Dorkula used Spear Lunge!

chris ([38;5;42m0st[0m) [[38;5;42m|[0m         ] -- Count Dorkula ([38;5;160m50st[0m): [38;5;160m10hp[0m

Available Moves:
  - (0) [38;5;160mSword Strike[0m
  - (1) [38;5;160mFull Empower[0m
  - (2) [38;5;160mRecouperate[0m
  - (3) [38;5;160mSkip Turn[0m
  - (4) [38;5;160mCapture[0m
  - (5) [38;5;160mVine Wrap[0m

> Using: [38;5;160mRecouperate[0m

chris ([38;5;42m0st[0m) [[38;5;42m|[0m         ] -- Count Dorkula ([38;5;160m50st[0m): [38;5;160m10hp[0m

Are you ready for your next fight? You can:
  - [38;5;42mfight
[0m  - [38;5;42mforage
[0m  - [38;5;42muse
[0m  > Count Dorkula used Spear Lunge!

chris ([38;5;42m0st[0m) [[38;5;42m|[0m         ] -- Count Dorkula ([38;5;160m50st[0m): [38;5;160m0hp[0m

Available Moves:
  - (0) [38;5;160mSword Strike[0m
  - (1) [38;5;160mFull Empower[0m
  - (2) [38;5;160mRecouperate[0m
  - (3) [38;5;160mSkip Turn[0m
  - (4) [38;5;160mCapture[0m
  - (5) [38;5;160mVine Wrap[0m

> Using: [38;5;160mRecouperate[0m
You Killed [38;5;202mCount Dorkula[0m!

chris ([38;5;42m0st[0m) [[38;5;42m|[0m         ] -- Skedankedanker ([38;5;160m50st[0m): [38;5;160m80hp[0m

Are you ready for your next fight? You can:
  - [38;5;42mfight
[0m  - [38;5;42mforage
[0m  - [38;5;42muse
[0m  > Skedankedanker used Spear Lunge!

chris ([38;5;42m0st[0m) [[38;5;42m|[0m         ] -- Skedankedanker ([38;5;160m50st[0m): [38;5;160m70hp[0m

Available Moves:
  - (0) [38;5;160mSword Strike[0m
  - (1) [38;5;160mFull Empower[0m
  - (2) [38;5;160mRecouperate[0m
  - (3) [38;5;160mSkip Turn[0m
  - (4) [38;5;160mCapture[0m
  - (5) [38;5;160mVine Wrap[0m

> Using: [38;5;160mRecouperate[0m

chris ([38;5;42m0st[0m) [[38;5;42m|[0m         ] -- Skedankedanker ([38;5;160m50st[0m): [38;5;160m70hp[0m

Are you ready for your next fight? You can:
  - [38;5;42mfight
[0m  - [38;5;42mforage
[0m  - [38;5;42muse
[0m  > Skedankedanker used Spear Lunge!

chris ([38;5;42m0st[0m) [[38;5;42m|[0m         ] -- Skedankedanker ([38;5;160m50st[0m): [38;5;160m60hp[0m

Available Moves:
  - (0) [38;5;160mSword Strike[0m
  - (1) [38;5;160mFull Empower[0m
  - (2) [38;5;160mRecouperate[0m
  - (3) [38;5;160mSkip Turn[0m
  - (4) [38;5;160mCapture[0m
  - (5) [38;5;160mVine Wrap[0m

> Using: [38;5;160mRecouperate[0m

chris ([38;5;42m0st[0m) [[38;5;42m|[0m         ] -- Skedankedanker ([38;5;160m50st[0m): [38;5;160m60hp[0m

Are you ready for your next fight? You can:
  - [38;5;42mfight
[0m  - [38;5;42mforage
[0m  - [38;5;42muse
[0m  > Skedankedanker used Spear Lunge!

chris ([38;5;42m0st[0m) [[38;5;42m|[0m         ] -- Skedankedanker ([38;5;160m50st[0m): [38;5;160m50hp[0m

Available Moves:
  - (0) [38;5;160mSword Strike[0m
  - (1) [38;5;160mFull Empower[0m
  - (2) [38;5;160mRecouperate[0m
  - (3) [38;5;160mSkip Turn[0m
  - (4) [38;5;160mCapture[0m
  - (5) [38;5;160mVine Wrap[0m

> Using: [38;5;160mRecouperate[0m

chris ([38;5;42m0st[0m) [[38;5;42m|[0m         ] -- Skedankedanker ([38;5;160m50st[0m): [38;5;160m50hp[0m

Are you ready for your next fight? You can:
  - [38;5;42mfight
[0m  - [38;5;42mforage
[0m  - [38;5;42muse
[0m  > Skedankedanker used Spear Lunge!

chris ([38;5;42m0st[0m) [[38;5;42m|[0m         ] -- Skedankedanker ([38;5;160m50st[0m): [38;5;160m40hp[0m

Available Moves:
  - (0) [38;5;160mSword Strike[0m
  - (1) [38;5;160mFull Empower[0m
  - (2) [38;5;160mRecouperate[0m
  - (3) [38;5;160mSkip Turn[0m
  - (4) [38;5;160mCapture[0m
  - (5) [38;5;160mVine Wrap[0m

> Using: [38;5;160mRecouperate[0m

chris ([38;5;42m0st[0m) [[38;5;42m|[0m         ] -- Skedankedanker ([38;5;160m50st[0m): [38;5;160m40hp[0m

Are you ready for your next fight? You can:
  - [38;5;42mfight
[0m  - [38;5;42mforage
[0m  - [38;5;42muse
[0m  > Skedankedanker used Spear Lunge!

chris ([38;5;42m0st[0m) [[38;5;42m|[0m         ] -- Skedankedanker ([38;5;160m50st[0m): [38;5;160m30hp[0m

Available Moves:
  - (0) [38;5;160mSword Strike[0m
  - (1) [38;5;160mFull Empower[0m
  - (2) [38;5;160mRecouperate[0m
  - (3) [38;5;160mSkip Turn[0m
  - (4) [38;5;160mCapture[0m
  - (5) [38;5;160mVine Wrap[0m

> Using: [38;5;160mRecouperate[0m

chris ([38;5;42m0st[0m) [[38;5;42m|[0m         ] -- Skedankedanker ([38;5;160m50st[0m): [38;5;160m30hp[0m

Are you ready for your next fight? You can:
  - [38;5;42mfight
[0m  - [38;5;42mforage
[0m  - [38;5;42muse
[0m  > Skedankedanker used Spear Lunge!

chris ([38;5;42m0st[0m) [[38;5;42m|[0m         ] -- Skedankedanker ([38;5;160m50st[0m): [38;5;160m20hp[0m

Available Moves:
  - (0) [38;5;160mSword Strike[0m
  - (1) [38;5;160mFull Empower[0m
  - (2) [38;5;160mRecouperate[0m
  - (3) [38;5;160mSkip Turn[0m
  - (4) [38;5;160mCapture[0m
  - (5) [38;5;160mVine Wrap[0m

> Using: [38;5;160mRecouperate[0m

chris ([38;5;42m0st[0m) [[38;5;42m|[0m         ] -- Skedankedanker ([38;5;160m50st[0m): [38;5;160m20hp[0m

Are you ready for your next fight? You can:
  - [38;5;42mfight
[0m  - [38;5;42mforage
[0m  - [38;5;42muse
[0m  > Skedankedanker used Spear Lunge!

chris ([38;5;42m0st[0m) [[38;5;42m|[0m         ] -- Skedankedanker ([38;5;160m50st[0m): [38;5;160m10hp[0m

Available Moves:
  - (0) [38;5;160mSword Strike[0m
  - (1) [38;5;160mFull Empower[0m
  - (2) [38;5;160mRecouperate[0m
  - (3) [38;5;160mSkip Turn[0m
  - (4) [38;5;160mCapture[0m
  - (5) [38;5;160mVine Wrap[0m

> Using: [38;5;160mRecouperate[0m

chris ([38;5;42m0st[0m) [[38;5;42m|[0m         ] -- Skedankedanker ([38;5;160m50st[0m): [38;5;160m10hp[0m

Are you ready for your next fight? You can:
  - [38;5;42mfight
[0m  - [38;5;42mforage
[0m  - [38;5;42muse
[0m  > Skedankedanker used Spear Lunge!

chris ([38;5;42m0st[0m) [[38;5;42m|[0m         ] -- Skedankedanker ([38;5;160m50st[0m): [38;5;160m0hp[0m

Available Moves:
  - (0) [38;5;160mSword Strike[0m
  - (1) [38;5;160mFull Empower[0m
  - (2) [38;5;160mRecouperate[0m
  - (3) [38;5;160mSkip Turn[0m
  - (4) [38;5;160mCapture[0m
  - (5) [38;5;160mVine Wrap[0m

> Using: [38;5;160mRecouperate[0m
You Killed [38;5;202mSkedankedanker[0m!

chris ([38;5;42m0st[0m) [[38;5;42m|[0m         ] -- Elektrikal ([38;5;160m50st[0m): [38;5;160m80hp[0m

Are you ready for your next fight? You can:
  - [38;5;42mfight
[0m  - [38;5;42mforage
[0m  - [38;5;42muse
[0m  > Elektrikal used Spear Lunge!

chris ([38;5;42m0st[0m) [[38;5;42m|[0m         ] -- Elektrikal ([38;5;160m50st[0m): [38;5;160m70hp[0m

Available Moves:
  - (0) [38;5;160mSword Strike[0m
  - (1) [38;5;160mFull Empower[0m
  - (2) [38;5;160mRecouperate[0m
  - (3) [38;5;160mSkip Turn[0m
  - (4) [38;5;160mCapture[0m
  - (5) [38;5;160mVine Wrap[0m

> Using: [38;5;160mRecouperate[0m

chris ([38;5;42m0st[0m) [[38;5;42m|[0m         ] -- Elektrikal ([38;5;160m50st[0m): [38;5;160m70hp[0m

Are you ready for your next fight? You can:
  - [38;5;42mfight
[0m  - [38;5;42mforage
[0m  - [38;5;42muse
[0m  > Elektrikal used Spear Lunge!

chris ([38;5;42m0st[0m) [[38;5;42m|[0m         ] -- Elektrikal ([38;5;160m50st[0m): [38;5;160m60hp[0m

Available Moves:
  - (0) [38;5;160mSword Strike[0m
  - (1) [38;5;160mFull Empower[0m
  - (2) [38;5;160mRecouperate[0m
  - (3) [38;5;160mSkip Turn[0m
  - (4) [38;5;160mCapture[0m
  - (5) [38;5;160mVine Wrap[0m

> Using: [38;5;160mRecouperate[0m

chris ([38;5;42m0st[0m) [[38;5;42m|[0m         ] -- Elektrikal ([38;5;160m50st[0m): [38;5;160m60hp[0m

Are you ready for your next fight? You can:
  - [38;5;42mfight
[0m  - [38;5;42mforage
[0m  - [38;5;42muse
[0m  > Elektrikal used Spear Lunge!

chris ([38;5;42m0st[0m) [[38;5;42m|[0m         ] -- Elektrikal ([38;5;160m50st[0m): [38;5;160m50hp[0m

Available Moves:
  - (0) [38;5;160mSword Strike[0m
  - (1) [38;5;160mFull Empower[0m
  - (2) [38;5;160mRecouperate[0m
  - (3) [38;5;160mSkip Turn[0m
  - (4) [38;5;160mCapture[0m
  - (5) [38;5;160mVine Wrap[0m

> Using: [38;5;160mRecouperate[0m

chris ([38;5;42m0st[0m) [[38;5;42m|[0m         ] -- Elektrikal ([38;5;160m50st[0m): [38;5;160m50hp[0m

Are you ready for your next fight? You can:
  - [38;5;42mfight
[0m  - [38;5;42mforage
[0m  - [38;5;42muse
[0m  > Elektrikal used Spear Lunge!

chris ([38;5;42m0st[0m) [[38;5;42m|[0m         ] -- Elektrikal ([38;5;160m50st[0m): [38;5;160m40hp[0m

Available Moves:
  - (0) [38;5;160mSword Strike[0m
  - (1) [38;5;160mFull Empower[0m
  - (2) [38;5;160mRecouperate[0m
  - (3) [38;5;160mSkip Turn[0m
  - (4) [38;5;160mCapture[0m
  - (5) [38;5;160mVine Wrap[0m

> Using: [38;5;160mRecouperate[0m

chris ([38;5;42m0st[0m) [[38;5;42m|[0m         ] -- Elektrikal ([38;5;160m50st[0m): [38;5;160m40hp[0m

Are you ready for your next fight? You can:
  - [38;5;42mfight
[0m  - [38;5;42mforage
[0m  - [38;5;42muse
[0m  > Elektrikal used Spear Lunge!

chris ([38;5;42m0st[0m) [[38;5;42m|[0m         ] -- Elektrikal ([38;5;160m50st[0m): [38;5;160m30hp[0m

Available Moves:
  - (0) [38;5;160mSword Strike[0m
  - (1) [38;5;160mFull Empower[0m
  - (2) [38;5;160mRecouperate[0m
  - (3) [38;5;160mSkip Turn[0m
  - (4) [38;5;160mCapture[0m
  - (5) [38;5;160mVine Wrap[0m

> Using: [38;5;160mRecouperate[0m

chris ([38;5;42m0st[0m) [[38;5;42m|[0m         ] -- Elektrikal ([38;5;160m50st[0m): [38;5;160m30hp[0m

Are you ready for your next fight? You can:
  - [38;5;42mfight
[0m  - [38;5;42mforage
[0m  - [38;5;42muse
[0m  > Elektrikal used Spear Lunge!

chris ([38;5;42m0st[0m) [[38;5;42m|[0m         ] -- Elektrikal ([38;5;160m50st[0m): [38;5;160m20hp[0m

Available Moves:
  - (0) [38;5;160mSword Strike[0m
  - (1) [38;5;160mFull Empower[0m
  - (2) [38;5;160mRecouperate[0m
  - (3) [38;5;160mSkip Turn[0m
  - (4) [38;5;160mCapture[0m
  - (5) [38;5;160mVine Wrap[0m

> Using: [38;5;160mRecouperate[0m

chris ([38;5;42m0st[0m) [[38;5;42m|[0m         ] -- Elektrikal ([38;5;160m50st[0m): [38;5;160m20hp[0m

Are you ready for your next fight? You can:
  - [38;5;42mfight
[0m  - [38;5;42mforage
[0m  - [38;5;42muse
[0m  > Elektrikal used Spear Lunge!

chris ([38;5;42m0st[0m) [[38;5;42m|[0m         ] -- Elektrikal ([38;5;160m50st[0m): [38;5;160m10hp[0m

Available Moves:
  - (0) [38;5;160mSword Strike[0m
  - (1) [38;5;160mFull Empower[0m
  - (2) [38;5;160mRecouperate[0m
  - (3) [38;5;160mSkip Turn[0m
  - (4) [38;5;160mCapture[0m
  - (5) [38;5;160mVine Wrap[0m

> Using: [38;5;160mRecouperate[0m

chris ([38;5;42m0st[0m) [[38;5;42m|[0m         ] -- Elektrikal ([38;5;160m50st[0m): [38;5;160m10hp[0m

Are you ready for your next fight? You can:
  - [38;5;42mfight
[0m  - [38;5;42mforage
[0m  - [38;5;42muse
[0m  > Elektrikal used Spear Lunge!

chris ([38;5;42m0st[0m) [[38;5;42m|[0m         ] -- Elektrikal ([38;5;160m50st[0m): [38;5;160m0hp[0m

Available Moves:
  - (0) [38;5;160mSword Strike[0m
  - (1) [38;5;160mFull Empower[0m
  - (2) [38;5;160mRecouperate[0m
  - (3) [38;5;160mSkip Turn[0m
  - (4) [38;5;160mCapture[0m
  - (5) [38;5;160mVine Wrap[0m

> Using: [38;5;160mRecouperate[0m
You Killed [38;5;202mElektrikal[0m!

chris ([38;5;42m0st[0m) [[38;5;42m|[0m         ] -- Spatula ([38;5;160m50st[0m): [38;5;160m80hp[0m

Are you ready for your next fight? You can:
  - [38;5;42mfight
[0m  - [38;5;42mforage
[0m  - [38;5;42muse
[0m  > Spatula used Spear Lunge!

chris ([38;5;42m0st[0m) [[38;5;42m|[0m         ] -- Spatula ([38;5;160m50st[0m): [38;5;160m70hp[0m

Available Moves:
  - (0) [38;5;160mSword Strike[0m
  - (1) [38;5;160mFull Empower[0m
  - (2) [38;5;160mRecouperate[0m
  - (3) [38;5;160mSkip Turn[0m
  - (4) [38;5;160mCapture[0m
  - (5) [38;5;160mVine Wrap[0m

> Using: [38;5;160mRecouperate[0m

chris ([38;5;42m0st[0m) [[38;5;42m|[0m         ] -- Spatula ([38;5;160m50st[0m): [38;5;160m70hp[0m

Are you ready for your next fight? You can:
  - [38;5;42mfight
[0m  - [38;5;42mforage
[0m  - [38;5;42muse
[0m  > Spatula used Spear Lunge!

chris ([38;5;42m0st[0m) [[38;5;42m|[0m         ] -- Spatula ([38;5;160m50st[0m): [38;5;160m60hp[0m

Available Moves:
  - (0) [38;5;160mSword Strike[0m
  - (1) [38;5;160mFull Empower[0m
  - (2) [38;5;160mRecouperate[0m
  - (3) [38;5;160mSkip Turn[0m
  - (4) [38;5;160mCapture[0m
  - (5) [38;5;160mVine Wrap[0m

> Using: [38;5;160mRecouperate[0m

chris ([38;5;42m0st[0m) [[38;5;42m|[0m         ] -- Spatula ([38;5;160m50st[0m): [38;5;160m60hp[0m

Are you ready for your next fight? You can:
  - [38;5;42mfight
[0m  - [38;5;42mforage
[0m  - [38;5;42muse
[0m  > Spatula used Spear Lunge!

chris ([38;5;42m0st[0m) [[38;5;42m|[0m         ] -- Spatula ([38;5;160m50st[0m): [38;5;160m50hp[0m

Available Moves:
  - (0) [38;5;160mSword Strike[0m
  - (1) [38;5;160mFull Empower[0m
  - (2) [38;5;160mRecouperate[0m
  - (3) [38;5;160mSkip Turn[0m
  - (4) [38;5;160mCapture[0m
  - (5) [38;5;160mVine Wrap[0m

> Using: [38;5;160mRecouperate[0m

chris ([38;5;42m0st[0m) [[38;5;42m|[0m         ] -- Spatula ([38;5;160m50st[0m): [38;5;160m50hp[0m

Are you ready for your next fight? You can:
  - [38;5;42mfight
[0m  - [38;5;42mforage
[0m  - [38;5;42muse
[0m  > Spatula used Spear Lunge!

chris ([38;5;42m0st[0m) [[38;5;42m|[0m         ] -- Spatula ([38;5;160m50st[0m): [38;5;160m40hp[0m

Available Moves:
  - (0) [38;5;160mSword Strike[0m
  - (1) [38;5;160mFull Empower[0m
  - (2) [38;5;160mRecouperate[0m
  - (3) [38;5;160mSkip Turn[0m
  - (4) [38;5;160mCapture[0m
  - (5) [38;5;160mVine Wrap[0m

> Using: [38;5;160mRecouperate[0m

chris ([38;5;42m0st[0m) [[38;5;42m|[0m         ] -- Spatula ([38;5;160m50st[0m): [38;5;160m40hp[0m

Are you ready for your next fight? You can:
  - [38;5;42mfight
[0m  - [38;5;42mforage
[0m  - [38;5;42muse
[0m  > Spatula used Spear Lunge!

chris ([38;5;42m0st[0m) [[38;5;42m|[0m         ] -- Spatula ([38;5;160m50st[0m): [38;5;160m30hp[0m

Available Moves:
  - (0) [38;5;160mSword Strike[0m
  - (1) [38;5;160mFull Empower[0m
  - (2) [38;5;160mRecouperate[0m
  - (3) [38;5;160mSkip Turn[0m
  - (4) [38;5;160mCapture[0m
  - (5) [38;5;160mVine Wrap[0m

> Using: [38;5;160mRecouperate[0m

chris ([38;5;42m0st[0m) [[38;5;42m|[0m         ] -- Spatula ([38;5;160m50st[0m): [38;5;160m30hp[0m

Are you ready for your next fight? You can:
  - [38;5;42mfight
[0m  - [38;5;42mforage
[0m  - [38;5;42muse
[0m  > Spatula used Spear Lunge!

chris ([38;5;42m0st[0m) [[38;5;42m|[0m         ] -- Spatula ([38;5;160m50st[0m): [38;5;160m20hp[0m

Available Moves:
  - (0) [38;5;160mSword Strike[0m
  - (1) [38;5;160mFull Empower[0m
  - (2) [38;5;160mRecouperate[0m
  - (3) [38;5;160mSkip Turn[0m
  - (4) [38;5;160mCapture[0m
  - (5) [38;5;160mVine Wrap[0m

> Using: [38;5;160mRecouperate[0m

chris ([38;5;42m0st[0m) [[38;5;42m|[0m         ] -- Spatula ([38;5;160m50st[0m): [38;5;160m20hp[0m

Are you ready for your next fight? You can:
  - [38;5;42mfight
[0m  - [38;5;42mforage
[0m  - [38;5;42muse
[0m  > Spatula used Spear Lunge!

chris ([38;5;42m0st[0m) [[38;5;42m|[0m         ] -- Spatula ([38;5;160m50st[0m): [38;5;160m10hp[0m

Available Moves:
  - (0) [38;5;160mSword Strike[0m
  - (1) [38;5;160mFull Empower[0m
  - (2) [38;5;160mRecouperate[0m
  - (3) [38;5;160mSkip Turn[0m
  - (4) [38;5;160mCapture[0m
  - (5) [38;5;160mVine Wrap[0m

> Using: [38;5;160mRecouperate[0m

chris ([38;5;42m0st[0m) [[38;5;42m|[0m         ] -- Spatula ([38;5;160m50st[0m): [38;5;160m10hp[0m

Are you ready for your next fight? You can:
  - [38;5;42mfight
[0m  - [38;5;42mforage
[0m  - [38;5;42muse
[0m  > Available Items:
  - (0) [38;5;33mGross Weed[0m
  - (1) [38;5;33mMax Health Potion[0m
  - (2) [38;5;33mSharpened Dagger[0m

> Using: [38;5;33mGross Weed[0m

chris ([38;5;42m20st[0m) [[38;5;42m|[0m         ] -- Spatula ([38;5;160m50st[0m): [38;5;160m10hp[0m

Are you ready for your next fight? You can:
  - [38;5;42mfight
[0m  - [38;5;42mforage
[0m  - [38;5;42muse
[0m  > Available Items:
  - (0) [38;5;33mMax Health Potion[0m
  - (1) [38;5;33mSharpened Dagger[0m

> Using: [38;5;33mMax Health Potion[0m

chris ([38;5;42m20st[0m) [[38;5;42m|[0m[38;5;42m|[0m[38;5;42m|[0m[38;5;42m|[0m[38;5;42m|[0m[38;5;42m|[0m[38;5;42m|[0m[38;5;42m|[0m[38;5;42m|[0m[38;5;42m|[0m] -- Spatula ([38;5;160m50st[0m): [38;5;160m10hp[0m

Are you ready for your next fight? You can:
  - [38;5;42mfight
[0m  - [38;5;42mforage
[0m  - [38;5;42muse
[0m  > Available Items:
  - (0) [38;5;33mSharpened Dagger[0m

> Using: [38;5;33mSharpened Dagger[0m

chris ([38;5;42m100st[0m) [[38;5;42m|[0m[38;5;42m|[0m[38;5;42m|[0m[38;5;42m|[0m[38;5;42m|[0m[38;5;42m|[0m[38;5;42m|[0m[38;5;42m|[0m[38;5;42m|[0m[38;5;42m|[0m] -- Spatula ([38;5;160m50st[0m): [38;5;160m10hp[0m

Are you ready for your next fight? You can:
  - [38;5;42mfight
[0m  - [38;5;42mforage
[0m  - [38;5;42muse
[0m  > Spatula used Full Empower!

chris ([38;5;42m100st[0m) [[38;5;42m|[0m[38;5;42m|[0m[38;5;42m|[0m[38;5;42m|[0m[38;5;42m|[0m[38;5;42m|[0m[38;5;42m|[0m[38;5;42m|[0m[38;5;42m|[0m[38;5;42m|[0m] -- Spatula ([38;5;160m70st[0m): [38;5;160m0hp[0m

Available Moves:
  - (0) [38;5;160mSword Strike[0m
  - (1) [38;5;160mFull Empower[0m
  - (2) [38;5;160mRecouperate[0m
  - (3) [38;5;160mSkip Turn[0m
  - (4) [38;5;160mCapture[0m
  - (5) [38;5;160mVine Wrap[0m
  - (6) [38;5;160mStink Out[0m

> Using: [38;5;160mCapture[0m

chris ([38;5;42m100st[0m) [[38;5;42m|[0m[38;5;42m|[0m[38;5;42m|[0m[38;5;42m|[0m[38;5;42m|[0m[38;5;42m|[0m[38;5;42m|[0m[38;5;42m|[0m[38;5;42m|[0m[38;5;42m|[0m] -- Posessed Spatula ([38;5;160m350st[0m): [38;5;160m350hp[0m

Are you ready for your next fight? You can:
  - [38;5;42mfight
[0m  - [38;5;42mforage
[0m  - [38;5;42muse
[0m  > An [38;5;160meerie[0m wind rushes past, and a fallen foe rises again...


chris ([38;5;42m100st[0m) [[38;5;42m|[0m[38;5;42m|[0m[38;5;42m|[0m[38;5;42m|[0m[38;5;42m|[0m[38;5;42m|[0m[38;5;42m|[0m[38;5;42m|[0m[38;5;42m|[0m[38;5;42m|[0m] -- Posessed Spatula ([38;5;160m350st[0m): [38;5;160m350hp[0m

Available Moves:
  - (0) [38;5;160mSword Strike[0m
  - (1) [38;5;160mFull Empower[0m
  - (2) [38;5;160mRecouperate[0m
  - (3) [38;5;160mSkip Turn[0m
  - (4) [38;5;160mVine Wrap[0m
  - (5) [38;5;160mStink Out[0m
  - (6) [38;5;160mSacrifice[0m

> Using: [38;5;160mSacrifice[0m
You Killed [38;5;202mPosessed Spatula[0m!
Wow, looks like you beat all the enemies!
Guess you deserve a flag: [38;5;200mPCTF{just_be_glad_i_didnt_arm_cpt_hook_with_GADTs}

[0m[*] Got EOF while reading in interactive
